Connecting to database specified by database.yml
Connecting to database specified by database.yml
Connecting to database specified by database.yml
Connecting to database specified by database.yml
Connecting to database specified by database.yml
Connecting to database specified by database.yml
Connecting to database specified by database.yml
Connecting to database specified by database.yml
Connecting to database specified by database.yml
Connecting to database specified by database.yml
Connecting to database specified by database.yml
Connecting to database specified by database.yml
Connecting to database specified by database.yml
  [1m[36m (0.2ms)[0m  [1mselect sqlite_version(*)[0m
  [1m[35m (1.4ms)[0m  CREATE TABLE "schema_migrations" ("version" varchar(255) NOT NULL) 
  [1m[36m (1.3ms)[0m  [1mCREATE UNIQUE INDEX "unique_schema_migrations" ON "schema_migrations" ("version")[0m
  [1m[35m (0.4ms)[0m  SELECT "schema_migrations"."version" FROM "schema_migrations" 
Migrating to DeviseCreateUsers (20130319210409)
  [1m[36m (0.1ms)[0m  [1mbegin transaction[0m
  [1m[35m (0.7ms)[0m  CREATE TABLE "users" ("id" INTEGER PRIMARY KEY AUTOINCREMENT NOT NULL, "email" varchar(255) DEFAULT '' NOT NULL, "encrypted_password" varchar(255) DEFAULT '' NOT NULL, "reset_password_token" varchar(255), "reset_password_sent_at" datetime, "remember_created_at" datetime, "sign_in_count" integer DEFAULT 0, "current_sign_in_at" datetime, "last_sign_in_at" datetime, "current_sign_in_ip" varchar(255), "last_sign_in_ip" varchar(255), "created_at" datetime NOT NULL, "updated_at" datetime NOT NULL) 
  [1m[36m (0.5ms)[0m  [1mCREATE UNIQUE INDEX "index_users_on_email" ON "users" ("email")[0m
  [1m[35m (0.2ms)[0m  CREATE UNIQUE INDEX "index_users_on_reset_password_token" ON "users" ("reset_password_token")
  [1m[36m (0.2ms)[0m  [1mINSERT INTO "schema_migrations" ("version") VALUES ('20130319210409')[0m
  [1m[35m (1.4ms)[0m  commit transaction
Migrating to AddNameToUsers (20130319210416)
  [1m[36m (0.1ms)[0m  [1mbegin transaction[0m
  [1m[35m (20.2ms)[0m  ALTER TABLE "users" ADD "name" varchar(255)
  [1m[36m (0.3ms)[0m  [1mINSERT INTO "schema_migrations" ("version") VALUES ('20130319210416')[0m
  [1m[35m (27.8ms)[0m  commit transaction
Migrating to AddConfirmableToUsers (20130319210423)
  [1m[36m (0.1ms)[0m  [1mbegin transaction[0m
  [1m[35m (0.8ms)[0m  ALTER TABLE "users" ADD "confirmation_token" varchar(255)
  [1m[36m (0.2ms)[0m  [1mALTER TABLE "users" ADD "confirmed_at" datetime[0m
  [1m[35m (0.5ms)[0m  ALTER TABLE "users" ADD "confirmation_sent_at" datetime
  [1m[36m (0.2ms)[0m  [1mALTER TABLE "users" ADD "unconfirmed_email" varchar(255)[0m
  [1m[35m (0.2ms)[0m  INSERT INTO "schema_migrations" ("version") VALUES ('20130319210423')
  [1m[36m (1.3ms)[0m  [1mcommit transaction[0m
Migrating to RolifyCreateRoles (20130319210436)
  [1m[35m (0.1ms)[0m  begin transaction
  [1m[36m (0.6ms)[0m  [1mCREATE TABLE "roles" ("id" INTEGER PRIMARY KEY AUTOINCREMENT NOT NULL, "name" varchar(255), "resource_id" integer, "resource_type" varchar(255), "created_at" datetime NOT NULL, "updated_at" datetime NOT NULL) [0m
  [1m[35m (0.2ms)[0m  CREATE TABLE "users_roles" ("user_id" integer, "role_id" integer) 
  [1m[36m (0.2ms)[0m  [1mCREATE INDEX "index_roles_on_name" ON "roles" ("name")[0m
  [1m[35m (0.2ms)[0m  CREATE INDEX "index_roles_on_name_and_resource_type_and_resource_id" ON "roles" ("name", "resource_type", "resource_id")
  [1m[36m (0.2ms)[0m  [1mCREATE INDEX "index_users_roles_on_user_id_and_role_id" ON "users_roles" ("user_id", "role_id")[0m
  [1m[35m (0.2ms)[0m  INSERT INTO "schema_migrations" ("version") VALUES ('20130319210436')
  [1m[36m (1.7ms)[0m  [1mcommit transaction[0m
  [1m[35m (0.2ms)[0m  SELECT "schema_migrations"."version" FROM "schema_migrations" 
Connecting to database specified by database.yml
  [1m[36m (0.2ms)[0m  [1mSELECT "schema_migrations"."version" FROM "schema_migrations" [0m
  [1m[35m (0.3ms)[0m  select sqlite_version(*)
  [1m[36m (1.7ms)[0m  [1mCREATE TABLE "roles" ("id" INTEGER PRIMARY KEY AUTOINCREMENT NOT NULL, "name" varchar(255), "resource_id" integer, "resource_type" varchar(255), "created_at" datetime NOT NULL, "updated_at" datetime NOT NULL) [0m
  [1m[35m (1.3ms)[0m  CREATE INDEX "index_roles_on_name_and_resource_type_and_resource_id" ON "roles" ("name", "resource_type", "resource_id")
  [1m[36m (1.6ms)[0m  [1mCREATE INDEX "index_roles_on_name" ON "roles" ("name")[0m
  [1m[35m (2.4ms)[0m  CREATE TABLE "users" ("id" INTEGER PRIMARY KEY AUTOINCREMENT NOT NULL, "email" varchar(255) DEFAULT '' NOT NULL, "encrypted_password" varchar(255) DEFAULT '' NOT NULL, "reset_password_token" varchar(255), "reset_password_sent_at" datetime, "remember_created_at" datetime, "sign_in_count" integer DEFAULT 0, "current_sign_in_at" datetime, "last_sign_in_at" datetime, "current_sign_in_ip" varchar(255), "last_sign_in_ip" varchar(255), "created_at" datetime NOT NULL, "updated_at" datetime NOT NULL, "name" varchar(255), "confirmation_token" varchar(255), "confirmed_at" datetime, "confirmation_sent_at" datetime, "unconfirmed_email" varchar(255)) 
  [1m[36m (1.3ms)[0m  [1mCREATE UNIQUE INDEX "index_users_on_email" ON "users" ("email")[0m
  [1m[35m (1.3ms)[0m  CREATE UNIQUE INDEX "index_users_on_reset_password_token" ON "users" ("reset_password_token")
  [1m[36m (1.3ms)[0m  [1mCREATE TABLE "users_roles" ("user_id" integer, "role_id" integer) [0m
  [1m[35m (1.5ms)[0m  CREATE INDEX "index_users_roles_on_user_id_and_role_id" ON "users_roles" ("user_id", "role_id")
  [1m[36m (2.2ms)[0m  [1mCREATE TABLE "schema_migrations" ("version" varchar(255) NOT NULL) [0m
  [1m[35m (1.3ms)[0m  CREATE UNIQUE INDEX "unique_schema_migrations" ON "schema_migrations" ("version")
  [1m[36m (0.1ms)[0m  [1mSELECT version FROM "schema_migrations"[0m
  [1m[35m (1.5ms)[0m  INSERT INTO "schema_migrations" (version) VALUES ('20130319210436')
  [1m[36m (1.4ms)[0m  [1mINSERT INTO "schema_migrations" (version) VALUES ('20130319210409')[0m
  [1m[35m (1.4ms)[0m  INSERT INTO "schema_migrations" (version) VALUES ('20130319210416')
  [1m[36m (1.6ms)[0m  [1mINSERT INTO "schema_migrations" (version) VALUES ('20130319210423')[0m
Connecting to database specified by database.yml
  [1m[36m (0.2ms)[0m  [1mSELECT "schema_migrations"."version" FROM "schema_migrations" [0m
  [1m[35mRole Load (0.3ms)[0m  SELECT "roles".* FROM "roles" WHERE "roles"."name" = 'admin' LIMIT 1
  [1m[36m (0.1ms)[0m  [1mbegin transaction[0m
  [1m[35mSQL (50.8ms)[0m  INSERT INTO "roles" ("created_at", "name", "resource_id", "resource_type", "updated_at") VALUES (?, ?, ?, ?, ?)  [["created_at", Tue, 19 Mar 2013 21:05:21 UTC +00:00], ["name", "admin"], ["resource_id", nil], ["resource_type", nil], ["updated_at", Tue, 19 Mar 2013 21:05:21 UTC +00:00]]
  [1m[36m (2.4ms)[0m  [1mcommit transaction[0m
  [1m[35mRole Load (0.3ms)[0m  SELECT "roles".* FROM "roles" WHERE "roles"."name" = 'user' LIMIT 1
  [1m[36m (0.1ms)[0m  [1mbegin transaction[0m
  [1m[35mSQL (0.7ms)[0m  INSERT INTO "roles" ("created_at", "name", "resource_id", "resource_type", "updated_at") VALUES (?, ?, ?, ?, ?)  [["created_at", Tue, 19 Mar 2013 21:05:21 UTC +00:00], ["name", "user"], ["resource_id", nil], ["resource_type", nil], ["updated_at", Tue, 19 Mar 2013 21:05:21 UTC +00:00]]
  [1m[36m (3.2ms)[0m  [1mcommit transaction[0m
  [1m[35mRole Load (0.2ms)[0m  SELECT "roles".* FROM "roles" WHERE "roles"."name" = 'VIP' LIMIT 1
  [1m[36m (0.1ms)[0m  [1mbegin transaction[0m
  [1m[35mSQL (0.6ms)[0m  INSERT INTO "roles" ("created_at", "name", "resource_id", "resource_type", "updated_at") VALUES (?, ?, ?, ?, ?)  [["created_at", Tue, 19 Mar 2013 21:05:21 UTC +00:00], ["name", "VIP"], ["resource_id", nil], ["resource_type", nil], ["updated_at", Tue, 19 Mar 2013 21:05:21 UTC +00:00]]
  [1m[36m (2.3ms)[0m  [1mcommit transaction[0m
  [1m[35mUser Load (0.3ms)[0m  SELECT "users".* FROM "users" WHERE "users"."email" = 'user@example.com' LIMIT 1
  [1m[36m (0.1ms)[0m  [1mbegin transaction[0m
  [1m[35mUser Exists (0.2ms)[0m  SELECT 1 AS one FROM "users" WHERE "users"."email" = 'user@example.com' LIMIT 1
  [1m[36mUser Load (0.2ms)[0m  [1mSELECT "users".* FROM "users" WHERE "users"."confirmation_token" = 'FseAfwyeTbgZaQNSAsZX' LIMIT 1[0m
Binary data inserted for `string` type on column `encrypted_password`
  [1m[35mSQL (1.0ms)[0m  INSERT INTO "users" ("confirmation_sent_at", "confirmation_token", "confirmed_at", "created_at", "current_sign_in_at", "current_sign_in_ip", "email", "encrypted_password", "last_sign_in_at", "last_sign_in_ip", "name", "remember_created_at", "reset_password_sent_at", "reset_password_token", "sign_in_count", "unconfirmed_email", "updated_at") VALUES (?, ?, ?, ?, ?, ?, ?, ?, ?, ?, ?, ?, ?, ?, ?, ?, ?)  [["confirmation_sent_at", Tue, 19 Mar 2013 21:05:22 UTC +00:00], ["confirmation_token", "FseAfwyeTbgZaQNSAsZX"], ["confirmed_at", nil], ["created_at", Tue, 19 Mar 2013 21:05:22 UTC +00:00], ["current_sign_in_at", nil], ["current_sign_in_ip", nil], ["email", "user@example.com"], ["encrypted_password", "$2a$10$sibalc2MEW3wxEB9zARYn.1/ttfp4LHgeSwyxQtVyHMctrSPfOEQS"], ["last_sign_in_at", nil], ["last_sign_in_ip", nil], ["name", "First User"], ["remember_created_at", nil], ["reset_password_sent_at", nil], ["reset_password_token", nil], ["sign_in_count", 0], ["unconfirmed_email", nil], ["updated_at", Tue, 19 Mar 2013 21:05:22 UTC +00:00]]
  Rendered /Users/nathanaelmiksis/.rvm/gems/ruby-1.9.3-p286/gems/devise-2.2.3/app/views/devise/mailer/confirmation_instructions.html.erb (18.5ms)

Sent mail to user@example.com (71ms)
Date: Tue, 19 Mar 2013 14:05:24 -0700
From: please-change-me-at-config-initializers-devise@example.com
Reply-To: please-change-me-at-config-initializers-devise@example.com
To: user@example.com
Message-ID: <5148d314a27b3_1278a3fdf00435ad454246@Nathanaels-Laptop.local.mail>
Subject: Confirmation instructions
Mime-Version: 1.0
Content-Type: text/html;
 charset=UTF-8
Content-Transfer-Encoding: 7bit

<p>Welcome user@example.com!</p>

<p>You can confirm your account email through the link below:</p>

<p><a href="http://localhost:3000/users/confirmation?confirmation_token=FseAfwyeTbgZaQNSAsZX">Confirm my account</a></p>

  [1m[36m (1.3ms)[0m  [1mcommit transaction[0m
  [1m[35m (0.1ms)[0m  begin transaction
  [1m[36m (0.4ms)[0m  [1mUPDATE "users" SET "confirmation_token" = NULL, "confirmed_at" = '2013-03-19 21:05:24.714531', "updated_at" = '2013-03-19 21:05:24.716508' WHERE "users"."id" = 1[0m
  [1m[35m (1.4ms)[0m  commit transaction
  [1m[36mRole Load (1.5ms)[0m  [1mSELECT "roles".* FROM "roles" WHERE "roles"."name" = 'admin' AND "roles"."resource_type" IS NULL AND "roles"."resource_id" IS NULL LIMIT 1[0m
  [1m[35mRole Exists (0.2ms)[0m  SELECT 1 AS one FROM "roles" INNER JOIN "users_roles" ON "roles"."id" = "users_roles"."role_id" WHERE "users_roles"."user_id" = 1 AND "roles"."id" = 1 LIMIT 1
  [1m[36m (0.2ms)[0m  [1mSELECT "roles".id FROM "roles" INNER JOIN "users_roles" ON "roles"."id" = "users_roles"."role_id" WHERE "users_roles"."user_id" = 1[0m
  [1m[35mRole Load (0.2ms)[0m  SELECT "roles".* FROM "roles" WHERE "roles"."id" = ? LIMIT 1  [["id", 1]]
  [1m[36mRole Load (0.2ms)[0m  [1mSELECT "roles".* FROM "roles" INNER JOIN "users_roles" ON "roles"."id" = "users_roles"."role_id" WHERE "users_roles"."user_id" = 1[0m
  [1m[35m (0.1ms)[0m  begin transaction
  [1m[36m (5.5ms)[0m  [1mINSERT INTO "users_roles" ("user_id", "role_id") VALUES (1, 1)[0m
  [1m[35m (2.0ms)[0m  commit transaction
Connecting to database specified by database.yml
Connecting to database specified by database.yml
  [1m[36m (0.2ms)[0m  [1mselect sqlite_version(*)[0m
  [1m[35m (3.3ms)[0m  CREATE TABLE "schema_migrations" ("version" varchar(255) NOT NULL) 
  [1m[36m (1.7ms)[0m  [1mCREATE UNIQUE INDEX "unique_schema_migrations" ON "schema_migrations" ("version")[0m
  [1m[35m (0.1ms)[0m  SELECT "schema_migrations"."version" FROM "schema_migrations" 
Migrating to DeviseCreateUsers (20130319210409)
  [1m[36m (0.1ms)[0m  [1mbegin transaction[0m
  [1m[35m (0.6ms)[0m  CREATE TABLE "users" ("id" INTEGER PRIMARY KEY AUTOINCREMENT NOT NULL, "email" varchar(255) DEFAULT '' NOT NULL, "encrypted_password" varchar(255) DEFAULT '' NOT NULL, "reset_password_token" varchar(255), "reset_password_sent_at" datetime, "remember_created_at" datetime, "sign_in_count" integer DEFAULT 0, "current_sign_in_at" datetime, "last_sign_in_at" datetime, "current_sign_in_ip" varchar(255), "last_sign_in_ip" varchar(255), "created_at" datetime NOT NULL, "updated_at" datetime NOT NULL) 
  [1m[36m (0.4ms)[0m  [1mCREATE UNIQUE INDEX "index_users_on_email" ON "users" ("email")[0m
  [1m[35m (0.2ms)[0m  CREATE UNIQUE INDEX "index_users_on_reset_password_token" ON "users" ("reset_password_token")
  [1m[36m (0.1ms)[0m  [1mINSERT INTO "schema_migrations" ("version") VALUES ('20130319210409')[0m
  [1m[35m (2.6ms)[0m  commit transaction
Migrating to AddNameToUsers (20130319210416)
  [1m[36m (0.1ms)[0m  [1mbegin transaction[0m
  [1m[35m (0.6ms)[0m  ALTER TABLE "users" ADD "name" varchar(255)
  [1m[36m (0.3ms)[0m  [1mINSERT INTO "schema_migrations" ("version") VALUES ('20130319210416')[0m
  [1m[35m (1.2ms)[0m  commit transaction
Migrating to AddConfirmableToUsers (20130319210423)
  [1m[36m (0.1ms)[0m  [1mbegin transaction[0m
  [1m[35m (0.6ms)[0m  ALTER TABLE "users" ADD "confirmation_token" varchar(255)
  [1m[36m (0.2ms)[0m  [1mALTER TABLE "users" ADD "confirmed_at" datetime[0m
  [1m[35m (0.2ms)[0m  ALTER TABLE "users" ADD "confirmation_sent_at" datetime
  [1m[36m (0.2ms)[0m  [1mALTER TABLE "users" ADD "unconfirmed_email" varchar(255)[0m
  [1m[35m (0.2ms)[0m  INSERT INTO "schema_migrations" ("version") VALUES ('20130319210423')
  [1m[36m (1.5ms)[0m  [1mcommit transaction[0m
Migrating to RolifyCreateRoles (20130319210436)
  [1m[35m (0.1ms)[0m  begin transaction
  [1m[36m (0.6ms)[0m  [1mCREATE TABLE "roles" ("id" INTEGER PRIMARY KEY AUTOINCREMENT NOT NULL, "name" varchar(255), "resource_id" integer, "resource_type" varchar(255), "created_at" datetime NOT NULL, "updated_at" datetime NOT NULL) [0m
  [1m[35m (0.2ms)[0m  CREATE TABLE "users_roles" ("user_id" integer, "role_id" integer) 
  [1m[36m (0.2ms)[0m  [1mCREATE INDEX "index_roles_on_name" ON "roles" ("name")[0m
  [1m[35m (0.2ms)[0m  CREATE INDEX "index_roles_on_name_and_resource_type_and_resource_id" ON "roles" ("name", "resource_type", "resource_id")
  [1m[36m (0.2ms)[0m  [1mCREATE INDEX "index_users_roles_on_user_id_and_role_id" ON "users_roles" ("user_id", "role_id")[0m
  [1m[35m (0.2ms)[0m  INSERT INTO "schema_migrations" ("version") VALUES ('20130319210436')
  [1m[36m (2.1ms)[0m  [1mcommit transaction[0m
Migrating to AddOptinToUsers (20130319210531)
  [1m[35m (0.1ms)[0m  begin transaction
  [1m[36m (0.6ms)[0m  [1mALTER TABLE "users" ADD "opt_in" boolean[0m
  [1m[35m (0.2ms)[0m  INSERT INTO "schema_migrations" ("version") VALUES ('20130319210531')
  [1m[36m (1.2ms)[0m  [1mcommit transaction[0m
  [1m[35m (0.2ms)[0m  SELECT "schema_migrations"."version" FROM "schema_migrations" 
Connecting to database specified by database.yml
  [1m[36m (0.2ms)[0m  [1mSELECT "schema_migrations"."version" FROM "schema_migrations" [0m
  [1m[35mRole Load (0.3ms)[0m  SELECT "roles".* FROM "roles" WHERE "roles"."name" = 'admin' LIMIT 1
  [1m[36m (0.1ms)[0m  [1mbegin transaction[0m
  [1m[35mSQL (24.6ms)[0m  INSERT INTO "roles" ("created_at", "name", "resource_id", "resource_type", "updated_at") VALUES (?, ?, ?, ?, ?)  [["created_at", Tue, 19 Mar 2013 21:05:57 UTC +00:00], ["name", "admin"], ["resource_id", nil], ["resource_type", nil], ["updated_at", Tue, 19 Mar 2013 21:05:57 UTC +00:00]]
  [1m[36m (8.0ms)[0m  [1mcommit transaction[0m
  [1m[35mRole Load (0.3ms)[0m  SELECT "roles".* FROM "roles" WHERE "roles"."name" = 'user' LIMIT 1
  [1m[36m (0.1ms)[0m  [1mbegin transaction[0m
  [1m[35mSQL (0.7ms)[0m  INSERT INTO "roles" ("created_at", "name", "resource_id", "resource_type", "updated_at") VALUES (?, ?, ?, ?, ?)  [["created_at", Tue, 19 Mar 2013 21:05:57 UTC +00:00], ["name", "user"], ["resource_id", nil], ["resource_type", nil], ["updated_at", Tue, 19 Mar 2013 21:05:57 UTC +00:00]]
  [1m[36m (13.2ms)[0m  [1mcommit transaction[0m
  [1m[35mRole Load (0.3ms)[0m  SELECT "roles".* FROM "roles" WHERE "roles"."name" = 'VIP' LIMIT 1
  [1m[36m (0.1ms)[0m  [1mbegin transaction[0m
  [1m[35mSQL (0.6ms)[0m  INSERT INTO "roles" ("created_at", "name", "resource_id", "resource_type", "updated_at") VALUES (?, ?, ?, ?, ?)  [["created_at", Tue, 19 Mar 2013 21:05:57 UTC +00:00], ["name", "VIP"], ["resource_id", nil], ["resource_type", nil], ["updated_at", Tue, 19 Mar 2013 21:05:57 UTC +00:00]]
  [1m[36m (1.7ms)[0m  [1mcommit transaction[0m
  [1m[35mUser Load (0.3ms)[0m  SELECT "users".* FROM "users" WHERE "users"."email" = 'user@example.com' LIMIT 1
  [1m[36m (0.1ms)[0m  [1mbegin transaction[0m
  [1m[35mUser Exists (0.2ms)[0m  SELECT 1 AS one FROM "users" WHERE "users"."email" = 'user@example.com' LIMIT 1
Binary data inserted for `string` type on column `encrypted_password`
  [1m[36mSQL (1.0ms)[0m  [1mINSERT INTO "users" ("confirmation_sent_at", "confirmation_token", "confirmed_at", "created_at", "current_sign_in_at", "current_sign_in_ip", "email", "encrypted_password", "last_sign_in_at", "last_sign_in_ip", "name", "opt_in", "remember_created_at", "reset_password_sent_at", "reset_password_token", "sign_in_count", "unconfirmed_email", "updated_at") VALUES (?, ?, ?, ?, ?, ?, ?, ?, ?, ?, ?, ?, ?, ?, ?, ?, ?, ?)[0m  [["confirmation_sent_at", nil], ["confirmation_token", nil], ["confirmed_at", nil], ["created_at", Tue, 19 Mar 2013 21:05:58 UTC +00:00], ["current_sign_in_at", nil], ["current_sign_in_ip", nil], ["email", "user@example.com"], ["encrypted_password", "$2a$10$ogj.nz.xWCh8vHH1LTfgl.aT7DUVHg0LNCghnujBXvn0X22UWS9Pq"], ["last_sign_in_at", nil], ["last_sign_in_ip", nil], ["name", "First User"], ["opt_in", nil], ["remember_created_at", nil], ["reset_password_sent_at", nil], ["reset_password_token", nil], ["sign_in_count", 0], ["unconfirmed_email", nil], ["updated_at", Tue, 19 Mar 2013 21:05:58 UTC +00:00]]
  [1m[35m (2.0ms)[0m  commit transaction
  [1m[36mRole Load (0.3ms)[0m  [1mSELECT "roles".* FROM "roles" WHERE "roles"."name" = 'admin' AND "roles"."resource_type" IS NULL AND "roles"."resource_id" IS NULL LIMIT 1[0m
  [1m[35mRole Exists (0.2ms)[0m  SELECT 1 AS one FROM "roles" INNER JOIN "users_roles" ON "roles"."id" = "users_roles"."role_id" WHERE "users_roles"."user_id" = 1 AND "roles"."id" = 1 LIMIT 1
  [1m[36m (0.1ms)[0m  [1mSELECT "roles".id FROM "roles" INNER JOIN "users_roles" ON "roles"."id" = "users_roles"."role_id" WHERE "users_roles"."user_id" = 1[0m
  [1m[35mRole Load (0.2ms)[0m  SELECT "roles".* FROM "roles" WHERE "roles"."id" = ? LIMIT 1  [["id", 1]]
  [1m[36mRole Load (0.2ms)[0m  [1mSELECT "roles".* FROM "roles" INNER JOIN "users_roles" ON "roles"."id" = "users_roles"."role_id" WHERE "users_roles"."user_id" = 1[0m
  [1m[35m (0.1ms)[0m  begin transaction
  [1m[36m (0.4ms)[0m  [1mINSERT INTO "users_roles" ("user_id", "role_id") VALUES (1, 1)[0m
  [1m[35m (1.5ms)[0m  commit transaction
  [1m[36m (0.1ms)[0m  [1mbegin transaction[0m
  [1m[35m (0.5ms)[0m  UPDATE "users" SET "confirmed_at" = '2013-03-19 21:05:58.604579', "updated_at" = '2013-03-19 21:05:58.606638' WHERE "users"."id" = 1
  [1m[36m (1.5ms)[0m  [1mcommit transaction[0m
Connecting to database specified by database.yml
  [1m[36m (0.2ms)[0m  [1mSELECT "schema_migrations"."version" FROM "schema_migrations" [0m
  [1m[35m (0.4ms)[0m  select sqlite_version(*)
  [1m[36m (2.9ms)[0m  [1mCREATE TABLE "roles" ("id" INTEGER PRIMARY KEY AUTOINCREMENT NOT NULL, "name" varchar(255), "resource_id" integer, "resource_type" varchar(255), "created_at" datetime NOT NULL, "updated_at" datetime NOT NULL) [0m
  [1m[35m (1.8ms)[0m  CREATE INDEX "index_roles_on_name_and_resource_type_and_resource_id" ON "roles" ("name", "resource_type", "resource_id")
  [1m[36m (1.6ms)[0m  [1mCREATE INDEX "index_roles_on_name" ON "roles" ("name")[0m
  [1m[35m (2.1ms)[0m  CREATE TABLE "users" ("id" INTEGER PRIMARY KEY AUTOINCREMENT NOT NULL, "email" varchar(255) DEFAULT '' NOT NULL, "encrypted_password" varchar(255) DEFAULT '' NOT NULL, "reset_password_token" varchar(255), "reset_password_sent_at" datetime, "remember_created_at" datetime, "sign_in_count" integer DEFAULT 0, "current_sign_in_at" datetime, "last_sign_in_at" datetime, "current_sign_in_ip" varchar(255), "last_sign_in_ip" varchar(255), "created_at" datetime NOT NULL, "updated_at" datetime NOT NULL, "name" varchar(255), "confirmation_token" varchar(255), "confirmed_at" datetime, "confirmation_sent_at" datetime, "unconfirmed_email" varchar(255), "opt_in" boolean) 
  [1m[36m (1.9ms)[0m  [1mCREATE UNIQUE INDEX "index_users_on_email" ON "users" ("email")[0m
  [1m[35m (1.6ms)[0m  CREATE UNIQUE INDEX "index_users_on_reset_password_token" ON "users" ("reset_password_token")
  [1m[36m (1.6ms)[0m  [1mCREATE TABLE "users_roles" ("user_id" integer, "role_id" integer) [0m
  [1m[35m (1.9ms)[0m  CREATE INDEX "index_users_roles_on_user_id_and_role_id" ON "users_roles" ("user_id", "role_id")
  [1m[36m (1.6ms)[0m  [1mCREATE TABLE "schema_migrations" ("version" varchar(255) NOT NULL) [0m
  [1m[35m (2.1ms)[0m  CREATE UNIQUE INDEX "unique_schema_migrations" ON "schema_migrations" ("version")
  [1m[36m (0.1ms)[0m  [1mSELECT version FROM "schema_migrations"[0m
  [1m[35m (1.5ms)[0m  INSERT INTO "schema_migrations" (version) VALUES ('20130319210531')
  [1m[36m (1.9ms)[0m  [1mINSERT INTO "schema_migrations" (version) VALUES ('20130319210409')[0m
  [1m[35m (1.6ms)[0m  INSERT INTO "schema_migrations" (version) VALUES ('20130319210416')
  [1m[36m (1.5ms)[0m  [1mINSERT INTO "schema_migrations" (version) VALUES ('20130319210423')[0m
  [1m[35m (2.3ms)[0m  INSERT INTO "schema_migrations" (version) VALUES ('20130319210436')
Connecting to database specified by database.yml
